<?xml version="1.0" encoding="UTF-8"?>
<testsuite name="org.Application.AppTest" tests="1" skipped="0" failures="0" errors="0" timestamp="2025-03-13T07:28:39" hostname="Ubuntu" time="0.01">
  <properties/>
  <testcase name="testApp" classname="org.Application.AppTest" time="0.01"/>
  <system-out><![CDATA[]]></system-out>
  <system-err><![CDATA[]]></system-err>
</testsuite>
